<?xml version="1.0" encoding="UTF-8"?>
<testng-results skipped="0" failed="0" total="1" passed="1">
  <reporter-output>
  </reporter-output>
  <suite name="Default suite" duration-ms="3057" started-at="2021-02-11T18:45:15Z" finished-at="2021-02-11T18:45:18Z">
    <groups>
    </groups>
    <test name="Default test" duration-ms="3057" started-at="2021-02-11T18:45:15Z" finished-at="2021-02-11T18:45:18Z">
      <class name="Reports.ExtendReportsDemo">
        <test-method status="PASS" signature="extendReportsDemo()[pri:0, instance:Reports.ExtendReportsDemo@464bee09]" name="extendReportsDemo" is-config="true" duration-ms="2704" started-at="2021-02-12T00:15:15Z" finished-at="2021-02-12T00:15:18Z">
          <reporter-output>
          </reporter-output>
        </test-method> <!-- extendReportsDemo -->
        <test-method status="PASS" signature="testMethod()[pri:0, instance:Reports.ExtendReportsDemo@464bee09]" name="testMethod" duration-ms="283" started-at="2021-02-12T00:15:18Z" finished-at="2021-02-12T00:15:18Z">
          <reporter-output>
          </reporter-output>
        </test-method> <!-- testMethod -->
        <test-method status="PASS" signature="reportClosingMethod()[pri:0, instance:Reports.ExtendReportsDemo@464bee09]" name="reportClosingMethod" is-config="true" duration-ms="57" started-at="2021-02-12T00:15:18Z" finished-at="2021-02-12T00:15:18Z">
          <reporter-output>
          </reporter-output>
        </test-method> <!-- reportClosingMethod -->
      </class> <!-- Reports.ExtendReportsDemo -->
    </test> <!-- Default test -->
  </suite> <!-- Default suite -->
</testng-results>
